********************************************************************************
   General Structure Analysis System-II Crystal Structure Refinement
              by Robert B. Von Dreele & Brian H. Toby
                Argonne National Laboratory(C), 2010
 This product includes software developed by the UChicago Argonne, LLC,
            as Operator of Argonne National Laboratory.
                          Please cite:
   B.H. Toby & R.B. Von Dreele, J. Appl. Cryst. 46, 544-549 (2013)
********************************************************************************
 Least squares controls:
 Refinement type: analytic Hessian
 Maximum number of cycles: 100
 Regularize hydrogens (if any): False
 Initial shift factor: 1.000

 Phases:

 Phase name: LaB6
=======================================================================================================================================

 X-ray scattering factors:
   Symbol     fa                                      fb                                      fc
---------------------------------------------------------------------------------------------------
 La        20.57800  19.59900  11.37270   3.28719   2.94817   0.24447  18.77260 133.12400   2.14678
 B          2.05450   1.33260   1.09790   0.70680  23.21850   1.02100  60.34980   0.14030  -0.19320

 Electron scattering factors:
   Symbol     fa                                                fb
---------------------------------------------------------------------------------------------------
 La         0.54610   2.38560   5.06530   5.76010   4.04630   0.14790   1.65520  10.00590  47.32450 145.84640
 B          0.04360   0.18980   0.67880   1.32730   0.55440   0.12070   1.15950   6.24740  21.04600  59.36190

 Neutron scattering factors:
   Symbol   isotope       mass       b       resonant terms
---------------------------------------------------------------------------------------------------
 La      Nat. Abund.    138.906    0.824
 B       Nat. Abund.     10.810    0.530

 Space Group: P m -3 m
 The lattice is centrosymmetric primitive cubic
 The Laue symmetry is m3m
 The lattice point group is m3m
 Multiplicity of a general site is 48
 The inversion center is located at 0,0,0
 
 The equivalent positions are:

 ( 1)     X,     Y,     Z 
 ( 2)     Z,     X,     Y 
 ( 3)     Y,     Z,     X 
 ( 4)     X,     Y,    -Z 
 ( 5)    -Z,     X,     Y 
 ( 6)     Y,    -Z,     X 
 ( 7)    -Z,     X,    -Y 
 ( 8)    -Y,    -Z,     X 
 ( 9)     Y,    -Z,    -X 
 (10)    -X,     Y,    -Z 
 (11)    -Z,    -X,     Y 
 (12)     X,    -Y,    -Z 
 (13)     Y,     X,     Z 
 (14)     Z,     Y,     X 
 (15)     X,     Z,     Y 
 (16)     Y,     X,    -Z 
 (17)    -Z,     Y,     X 
 (18)     X,    -Z,     Y 
 (19)    -Z,     Y,    -X 
 (20)    -X,    -Z,     Y 
 (21)     X,    -Z,    -Y 
 (22)    -Y,     X,    -Z 
 (23)    -Z,    -Y,     X 
 (24)     Y,    -X,    -Z 

 Atoms:
   name    type  refine?   x         y         z      frac site sym  mult I/A   Uiso     U11     U22     U33     U12     U13     U23
---------------------------------------------------------------------------------------------------------------------------------------
    La0     La          0.00000   0.00000   0.00000   1.000    m3m    1    I 0.01000                                                
     B1      B          0.19800   0.50000   0.50000   1.000 4mm(x)    6    I 0.01000                                                

 Unit cell: a = 4.15692 b = 4.15692 c = 4.15692 alpha = 90.000 beta = 90.000 gamma = 90.000 volume = 71.832 Refine? False

 Phase: LaB6 in histogram: PWDR data.xy
=======================================================================================================================================
 Phase fraction  :          1 Refine? False
 Extinction coeff:     0.0000 Refine? False
 March-Dollase PO:     1.0000 Refine? False Axis: 0 0 1

 Size model    : isotropic equatorial:       1.000 Refine? False
	 LG mixing coeff.:       1.0000 Refine? False

 Mustrain model: isotropic equatorial:      1000.0 Refine? False
	 LG mixing coeff.:      1.0000 Refine? False

 Hydrostatic/elastic strain:
 names :         D11          eA
 values:           0           0
 refine:       False       False

 Histogram: PWDR data.xy histogram Id: 0
=======================================================================================================================================
 Instrument type: Debye-Scherrer
 Histogram limits:     2.08 deg to     6.65 deg

 Sample Parameters:
 Goniometer omega = 0.00, chi = 0.00, phi = 0.00
 name  :         Scale    Absorption     DisplaceX     DisplaceY
 value :        0.0039        0.0000        0.0000        0.0000
 refine:          True         False         False         False

 Instrument Parameters:
 name  :     Azimuth         Lam    Polariz.        SH/L           U           V           W           X           Y
 value :    0.000000    0.182400    8.440181    0.002000  204.261805   -3.606587    0.547766    0.000000   -2.854589
 refine:                   False       False       False       False       False       False       False       False

 name  :           Z        Zero
 value :    0.000000    0.000000
 refine:       False       False

 Background function: chebyschev-1 Refine? False
 Coefficients:      9.953    -0.013     0.020     0.026     0.066    -0.002     0.033    -0.022    -0.009     0.004
 Fixed background file: ; mult: 1.000  Refine? False

 Refinement results:
---------------------------------------------------------------------------------------------------------------------------------------
 Number of function calls: 3 No. of observations: 1100 No. of parameters: 1 User rejected: 0 Sp. gp. extinct: 0
 Refinement time =    0.309s,    0.309s/cycle, for 1 cycles
 wR =    3.69%, chi**2 =      23.1406, GOF =   0.15

 Phases:
 Result for phase: LaB6
=======================================================================================================================================

 Atoms:
   name      x         y         z      frac   Uiso     U11     U22     U33     U12     U13     U23
---------------------------------------------------------------------------------------------------------------------------------------
    La0     La:
 values:   0.00000   0.00000   0.00000   1.000 0.01000
 sig   :                                               
     B1      B:
 values:   0.19800   0.50000   0.50000   1.000 0.01000
 sig   :                                               

 Density: 4.7105 g/cm**3

 Phase: LaB6 in histogram: PWDR data.xy
=======================================================================================================================================
 Final refinement RF, RF^2 = 1.18%, 2.86% on 6 reflections
 Durbin-Watson statistic = 0.322
 Bragg intensity sum = 2.51e+03

 Histogram: PWDR data.xy histogram Id: 0
=======================================================================================================================================
 PWDR histogram weight factor = 1.000
 Final refinement wR = 3.69% on 1100 observations in this histogram
 Other residuals: R = 2.15%, R-bkg = 4.60%, wR-bkg = 3.69% wRmin = 25.44%
 Instrument type: Debye-Scherrer

 Resonant form factors:(ref: D.T. Cromer & D.A. Liberman (1981), Acta Cryst. A37, 267-268.)
 Element:       La        B
 f'     :   -0.093   -0.001
 f"     :    1.363    0.000

 Sample Parameters:
 names :         Scale    Absorption     DisplaceX     DisplaceY
 values:        0.0039        0.0000        0.0000        0.0000
 sig   :        0.0000                                          
 Background sums: empirical 1.09e+04, Debye 0, peaks 0, Total 1.09e+04
